2023-09-11 03:00:02.529 [https-jsse-nio-192.168.1.2-8088-exec-5] DEBUG org.hibernate.SQL - select invoice0_.id as id1_4_0_, invoice0_.add_vat as add_vat2_4_0_, invoice0_.amount_net_of_vat as amount_n3_4_0_, invoice0_.cashier as cashier4_4_0_, invoice0_.client_address as client_a5_4_0_, invoice0_.client_bus_style as client_b6_4_0_, invoice0_.invoice_client_contact_person as invoice_7_4_0_, invoice0_.client_name as client_n8_4_0_, invoice0_.client_payment as client_p9_4_0_, invoice0_.client_terms as client_10_4_0_, invoice0_.client_tin as client_11_4_0_, invoice0_.invoice_date_created as invoice12_4_0_, invoice0_.grand_total as grand_t13_4_0_, invoice0_.supplier_invoice_number as supplie14_4_0_, invoice0_.invoice_purchase_order_number as invoice15_4_0_, invoice0_.sale_invoice_date as sale_in16_4_0_, invoice0_.status as status17_4_0_, invoice0_.supplier_address as supplie18_4_0_, invoice0_.supplier_name as supplie19_4_0_, invoice0_.supplier_tin as supplie20_4_0_, invoice0_.total_sales_vat_inc as total_s21_4_0_ from invoice invoice0_ where invoice0_.id=?
2023-09-11 03:00:02.532 [https-jsse-nio-192.168.1.2-8088-exec-5] TRACE o.h.type.descriptor.sql.BasicBinder - binding parameter [1] as [INTEGER] - [4]
2023-09-11 03:00:02.533 [https-jsse-nio-192.168.1.2-8088-exec-5] TRACE o.h.t.descriptor.sql.BasicExtractor - extracted value ([add_vat2_4_0_] : [DOUBLE]) - [0.43]
2023-09-11 03:00:02.533 [https-jsse-nio-192.168.1.2-8088-exec-5] TRACE o.h.t.descriptor.sql.BasicExtractor - extracted value ([amount_n3_4_0_] : [DOUBLE]) - [3.57]
2023-09-11 03:00:02.533 [https-jsse-nio-192.168.1.2-8088-exec-5] TRACE o.h.t.descriptor.sql.BasicExtractor - extracted value ([cashier4_4_0_] : [VARCHAR]) - [test, marketing]
2023-09-11 03:00:02.533 [https-jsse-nio-192.168.1.2-8088-exec-5] TRACE o.h.t.descriptor.sql.BasicExtractor - extracted value ([client_a5_4_0_] : [VARCHAR]) - [sadasda, aswe]
2023-09-11 03:00:02.533 [https-jsse-nio-192.168.1.2-8088-exec-5] TRACE o.h.t.descriptor.sql.BasicExtractor - extracted value ([client_b6_4_0_] : [VARCHAR]) - [construction]
2023-09-11 03:00:02.533 [https-jsse-nio-192.168.1.2-8088-exec-5] TRACE o.h.t.descriptor.sql.BasicExtractor - extracted value ([invoice_7_4_0_] : [VARCHAR]) - [dresc]
2023-09-11 03:00:02.533 [https-jsse-nio-192.168.1.2-8088-exec-5] TRACE o.h.t.descriptor.sql.BasicExtractor - extracted value ([client_n8_4_0_] : [VARCHAR]) - [testclient]
2023-09-11 03:00:02.533 [https-jsse-nio-192.168.1.2-8088-exec-5] TRACE o.h.t.descriptor.sql.BasicExtractor - extracted value ([client_p9_4_0_] : [DOUBLE]) - [0.0]
2023-09-11 03:00:02.533 [https-jsse-nio-192.168.1.2-8088-exec-5] TRACE o.h.t.descriptor.sql.BasicExtractor - extracted value ([client_10_4_0_] : [VARCHAR]) - [NA]
2023-09-11 03:00:02.533 [https-jsse-nio-192.168.1.2-8088-exec-5] TRACE o.h.t.descriptor.sql.BasicExtractor - extracted value ([client_11_4_0_] : [VARCHAR]) - [221412]
2023-09-11 03:00:02.533 [https-jsse-nio-192.168.1.2-8088-exec-5] TRACE o.h.t.descriptor.sql.BasicExtractor - extracted value ([invoice12_4_0_] : [DATE]) - [2023-09-04]
2023-09-11 03:00:02.533 [https-jsse-nio-192.168.1.2-8088-exec-5] TRACE o.h.t.descriptor.sql.BasicExtractor - extracted value ([grand_t13_4_0_] : [DOUBLE]) - [4.0]
2023-09-11 03:00:02.533 [https-jsse-nio-192.168.1.2-8088-exec-5] TRACE o.h.t.descriptor.sql.BasicExtractor - extracted value ([supplie14_4_0_] : [VARCHAR]) - [77777777]
2023-09-11 03:00:02.533 [https-jsse-nio-192.168.1.2-8088-exec-5] TRACE o.h.t.descriptor.sql.BasicExtractor - extracted value ([invoice15_4_0_] : [VARCHAR]) - [777777]
2023-09-11 03:00:02.533 [https-jsse-nio-192.168.1.2-8088-exec-5] TRACE o.h.t.descriptor.sql.BasicExtractor - extracted value ([sale_in16_4_0_] : [DATE]) - [2023-09-04]
2023-09-11 03:00:02.533 [https-jsse-nio-192.168.1.2-8088-exec-5] TRACE o.h.t.descriptor.sql.BasicExtractor - extracted value ([status17_4_0_] : [VARCHAR]) - [Unpaid]
2023-09-11 03:00:02.533 [https-jsse-nio-192.168.1.2-8088-exec-5] TRACE o.h.t.descriptor.sql.BasicExtractor - extracted value ([supplie18_4_0_] : [VARCHAR]) - [wewqadsd, adaswa]
2023-09-11 03:00:02.533 [https-jsse-nio-192.168.1.2-8088-exec-5] TRACE o.h.t.descriptor.sql.BasicExtractor - extracted value ([supplie19_4_0_] : [VARCHAR]) - [testsupplier]
2023-09-11 03:00:02.533 [https-jsse-nio-192.168.1.2-8088-exec-5] TRACE o.h.t.descriptor.sql.BasicExtractor - extracted value ([supplie20_4_0_] : [VARCHAR]) - [24124]
2023-09-11 03:00:02.533 [https-jsse-nio-192.168.1.2-8088-exec-5] TRACE o.h.t.descriptor.sql.BasicExtractor - extracted value ([total_s21_4_0_] : [DOUBLE]) - [4.0]
2023-09-11 03:00:02.535 [https-jsse-nio-192.168.1.2-8088-exec-5] DEBUG org.hibernate.SQL - select invoicepro0_.id as id1_5_, invoicepro0_.amount as amount2_5_, invoicepro0_.articles as articles3_5_, invoicepro0_.invoice_number as invoice_4_5_, invoicepro0_.purchase_order_number as purchase5_5_, invoicepro0_.qty as qty6_5_, invoicepro0_.unit as unit7_5_, invoicepro0_.unit_price as unit_pri8_5_ from invoice_product_info invoicepro0_ where invoicepro0_.invoice_number=?
2023-09-11 03:00:02.535 [https-jsse-nio-192.168.1.2-8088-exec-5] TRACE o.h.type.descriptor.sql.BasicBinder - binding parameter [1] as [VARCHAR] - [77777777]
2023-09-11 03:00:02.535 [https-jsse-nio-192.168.1.2-8088-exec-5] TRACE o.h.t.descriptor.sql.BasicExtractor - extracted value ([id1_5_] : [INTEGER]) - [4]
2023-09-11 03:00:02.535 [https-jsse-nio-192.168.1.2-8088-exec-5] TRACE o.h.t.descriptor.sql.BasicExtractor - extracted value ([amount2_5_] : [DOUBLE]) - [4.0]
2023-09-11 03:00:02.535 [https-jsse-nio-192.168.1.2-8088-exec-5] TRACE o.h.t.descriptor.sql.BasicExtractor - extracted value ([articles3_5_] : [VARCHAR]) - [test]
2023-09-11 03:00:02.535 [https-jsse-nio-192.168.1.2-8088-exec-5] TRACE o.h.t.descriptor.sql.BasicExtractor - extracted value ([invoice_4_5_] : [VARCHAR]) - [77777777]
2023-09-11 03:00:02.535 [https-jsse-nio-192.168.1.2-8088-exec-5] TRACE o.h.t.descriptor.sql.BasicExtractor - extracted value ([purchase5_5_] : [VARCHAR]) - [777777]
2023-09-11 03:00:02.535 [https-jsse-nio-192.168.1.2-8088-exec-5] TRACE o.h.t.descriptor.sql.BasicExtractor - extracted value ([qty6_5_] : [INTEGER]) - [2]
2023-09-11 03:00:02.535 [https-jsse-nio-192.168.1.2-8088-exec-5] TRACE o.h.t.descriptor.sql.BasicExtractor - extracted value ([unit7_5_] : [VARCHAR]) - [pcs]
2023-09-11 03:00:02.535 [https-jsse-nio-192.168.1.2-8088-exec-5] TRACE o.h.t.descriptor.sql.BasicExtractor - extracted value ([unit_pri8_5_] : [DOUBLE]) - [2.0]
2023-09-11 03:00:06.901 [https-jsse-nio-192.168.1.2-8088-exec-3] WARN  o.s.w.s.m.s.DefaultHandlerExceptionResolver - Resolved [org.springframework.web.bind.MissingServletRequestParameterException: Required request parameter 'date-created' for method parameter type LocalDate is not present]
2023-09-11 03:00:06.916 [https-jsse-nio-192.168.1.2-8088-exec-3] ERROR org.thymeleaf.TemplateEngine - [THYMELEAF][https-jsse-nio-192.168.1.2-8088-exec-3] Exception processing template "error": Error resolving template [error], template might not exist or might not be accessible by any of the configured Template Resolvers
org.thymeleaf.exceptions.TemplateInputException: Error resolving template [error], template might not exist or might not be accessible by any of the configured Template Resolvers
	at org.thymeleaf.engine.TemplateManager.resolveTemplate(TemplateManager.java:869)
	at org.thymeleaf.engine.TemplateManager.parseAndProcess(TemplateManager.java:607)
	at org.thymeleaf.TemplateEngine.process(TemplateEngine.java:1098)
	at org.thymeleaf.TemplateEngine.process(TemplateEngine.java:1072)
	at org.thymeleaf.spring5.view.ThymeleafView.renderFragment(ThymeleafView.java:366)
	at org.thymeleaf.spring5.view.ThymeleafView.render(ThymeleafView.java:190)
	at org.springframework.web.servlet.DispatcherServlet.render(DispatcherServlet.java:1405)
	at org.springframework.web.servlet.DispatcherServlet.processDispatchResult(DispatcherServlet.java:1149)
	at org.springframework.web.servlet.DispatcherServlet.doDispatch(DispatcherServlet.java:1088)
	at org.springframework.web.servlet.DispatcherServlet.doService(DispatcherServlet.java:964)
	at org.springframework.web.servlet.FrameworkServlet.processRequest(FrameworkServlet.java:1006)
	at org.springframework.web.servlet.FrameworkServlet.doPost(FrameworkServlet.java:909)
	at javax.servlet.http.HttpServlet.service(HttpServlet.java:696)
	at org.springframework.web.servlet.FrameworkServlet.service(FrameworkServlet.java:883)
	at javax.servlet.http.HttpServlet.service(HttpServlet.java:779)
	at org.apache.catalina.core.ApplicationFilterChain.internalDoFilter(ApplicationFilterChain.java:227)
	at org.apache.catalina.core.ApplicationFilterChain.doFilter(ApplicationFilterChain.java:162)
	at org.springframework.web.servlet.resource.ResourceUrlEncodingFilter.doFilter(ResourceUrlEncodingFilter.java:67)
	at org.apache.catalina.core.ApplicationFilterChain.internalDoFilter(ApplicationFilterChain.java:189)
	at org.apache.catalina.core.ApplicationFilterChain.doFilter(ApplicationFilterChain.java:162)
	at org.springframework.web.filter.RequestContextFilter.doFilterInternal(RequestContextFilter.java:100)
	at org.springframework.web.filter.OncePerRequestFilter.doFilter(OncePerRequestFilter.java:117)
	at org.apache.catalina.core.ApplicationFilterChain.internalDoFilter(ApplicationFilterChain.java:189)
	at org.apache.catalina.core.ApplicationFilterChain.doFilter(ApplicationFilterChain.java:162)
	at org.springframework.web.filter.OncePerRequestFilter.doFilter(OncePerRequestFilter.java:102)
	at org.apache.catalina.core.ApplicationFilterChain.internalDoFilter(ApplicationFilterChain.java:189)
	at org.apache.catalina.core.ApplicationFilterChain.doFilter(ApplicationFilterChain.java:162)
	at org.springframework.web.filter.OncePerRequestFilter.doFilter(OncePerRequestFilter.java:102)
	at org.apache.catalina.core.ApplicationFilterChain.internalDoFilter(ApplicationFilterChain.java:189)
	at org.apache.catalina.core.ApplicationFilterChain.doFilter(ApplicationFilterChain.java:162)
	at org.apache.catalina.core.ApplicationDispatcher.invoke(ApplicationDispatcher.java:711)
	at org.apache.catalina.core.ApplicationDispatcher.processRequest(ApplicationDispatcher.java:461)
	at org.apache.catalina.core.ApplicationDispatcher.doForward(ApplicationDispatcher.java:385)
	at org.apache.catalina.core.ApplicationDispatcher.forward(ApplicationDispatcher.java:313)
	at org.apache.catalina.core.StandardHostValve.custom(StandardHostValve.java:388)
	at org.apache.catalina.core.StandardHostValve.status(StandardHostValve.java:244)
	at org.apache.catalina.core.StandardHostValve.invoke(StandardHostValve.java:171)
	at org.apache.catalina.valves.ErrorReportValve.invoke(ErrorReportValve.java:92)
	at org.apache.catalina.core.StandardEngineValve.invoke(StandardEngineValve.java:78)
	at org.apache.catalina.connector.CoyoteAdapter.service(CoyoteAdapter.java:360)
	at org.apache.coyote.http11.Http11Processor.service(Http11Processor.java:399)
	at org.apache.coyote.AbstractProcessorLight.process(AbstractProcessorLight.java:65)
	at org.apache.coyote.AbstractProtocol$ConnectionHandler.process(AbstractProtocol.java:891)
	at org.apache.tomcat.util.net.NioEndpoint$SocketProcessor.doRun(NioEndpoint.java:1784)
	at org.apache.tomcat.util.net.SocketProcessorBase.run(SocketProcessorBase.java:49)
	at org.apache.tomcat.util.threads.ThreadPoolExecutor.runWorker(ThreadPoolExecutor.java:1191)
	at org.apache.tomcat.util.threads.ThreadPoolExecutor$Worker.run(ThreadPoolExecutor.java:659)
	at org.apache.tomcat.util.threads.TaskThread$WrappingRunnable.run(TaskThread.java:61)
	at java.base/java.lang.Thread.run(Thread.java:833)
2023-09-11 03:00:06.916 [https-jsse-nio-192.168.1.2-8088-exec-3] ERROR o.a.c.c.C.[.[.[.[dispatcherServlet] - Servlet.service() for servlet [dispatcherServlet] threw exception
org.thymeleaf.exceptions.TemplateInputException: Error resolving template [error], template might not exist or might not be accessible by any of the configured Template Resolvers
	at org.thymeleaf.engine.TemplateManager.resolveTemplate(TemplateManager.java:869)
	at org.thymeleaf.engine.TemplateManager.parseAndProcess(TemplateManager.java:607)
	at org.thymeleaf.TemplateEngine.process(TemplateEngine.java:1098)
	at org.thymeleaf.TemplateEngine.process(TemplateEngine.java:1072)
	at org.thymeleaf.spring5.view.ThymeleafView.renderFragment(ThymeleafView.java:366)
	at org.thymeleaf.spring5.view.ThymeleafView.render(ThymeleafView.java:190)
	at org.springframework.web.servlet.DispatcherServlet.render(DispatcherServlet.java:1405)
	at org.springframework.web.servlet.DispatcherServlet.processDispatchResult(DispatcherServlet.java:1149)
	at org.springframework.web.servlet.DispatcherServlet.doDispatch(DispatcherServlet.java:1088)
	at org.springframework.web.servlet.DispatcherServlet.doService(DispatcherServlet.java:964)
	at org.springframework.web.servlet.FrameworkServlet.processRequest(FrameworkServlet.java:1006)
	at org.springframework.web.servlet.FrameworkServlet.doPost(FrameworkServlet.java:909)
	at javax.servlet.http.HttpServlet.service(HttpServlet.java:696)
	at org.springframework.web.servlet.FrameworkServlet.service(FrameworkServlet.java:883)
	at javax.servlet.http.HttpServlet.service(HttpServlet.java:779)
	at org.apache.catalina.core.ApplicationFilterChain.internalDoFilter(ApplicationFilterChain.java:227)
	at org.apache.catalina.core.ApplicationFilterChain.doFilter(ApplicationFilterChain.java:162)
	at org.springframework.web.servlet.resource.ResourceUrlEncodingFilter.doFilter(ResourceUrlEncodingFilter.java:67)
	at org.apache.catalina.core.ApplicationFilterChain.internalDoFilter(ApplicationFilterChain.java:189)
	at org.apache.catalina.core.ApplicationFilterChain.doFilter(ApplicationFilterChain.java:162)
	at org.springframework.web.filter.RequestContextFilter.doFilterInternal(RequestContextFilter.java:100)
	at org.springframework.web.filter.OncePerRequestFilter.doFilter(OncePerRequestFilter.java:117)
	at org.apache.catalina.core.ApplicationFilterChain.internalDoFilter(ApplicationFilterChain.java:189)
	at org.apache.catalina.core.ApplicationFilterChain.doFilter(ApplicationFilterChain.java:162)
	at org.springframework.web.filter.OncePerRequestFilter.doFilter(OncePerRequestFilter.java:102)
	at org.apache.catalina.core.ApplicationFilterChain.internalDoFilter(ApplicationFilterChain.java:189)
	at org.apache.catalina.core.ApplicationFilterChain.doFilter(ApplicationFilterChain.java:162)
	at org.springframework.web.filter.OncePerRequestFilter.doFilter(OncePerRequestFilter.java:102)
	at org.apache.catalina.core.ApplicationFilterChain.internalDoFilter(ApplicationFilterChain.java:189)
	at org.apache.catalina.core.ApplicationFilterChain.doFilter(ApplicationFilterChain.java:162)
	at org.apache.catalina.core.ApplicationDispatcher.invoke(ApplicationDispatcher.java:711)
	at org.apache.catalina.core.ApplicationDispatcher.processRequest(ApplicationDispatcher.java:461)
	at org.apache.catalina.core.ApplicationDispatcher.doForward(ApplicationDispatcher.java:385)
	at org.apache.catalina.core.ApplicationDispatcher.forward(ApplicationDispatcher.java:313)
	at org.apache.catalina.core.StandardHostValve.custom(StandardHostValve.java:388)
	at org.apache.catalina.core.StandardHostValve.status(StandardHostValve.java:244)
	at org.apache.catalina.core.StandardHostValve.invoke(StandardHostValve.java:171)
	at org.apache.catalina.valves.ErrorReportValve.invoke(ErrorReportValve.java:92)
	at org.apache.catalina.core.StandardEngineValve.invoke(StandardEngineValve.java:78)
	at org.apache.catalina.connector.CoyoteAdapter.service(CoyoteAdapter.java:360)
	at org.apache.coyote.http11.Http11Processor.service(Http11Processor.java:399)
	at org.apache.coyote.AbstractProcessorLight.process(AbstractProcessorLight.java:65)
	at org.apache.coyote.AbstractProtocol$ConnectionHandler.process(AbstractProtocol.java:891)
	at org.apache.tomcat.util.net.NioEndpoint$SocketProcessor.doRun(NioEndpoint.java:1784)
	at org.apache.tomcat.util.net.SocketProcessorBase.run(SocketProcessorBase.java:49)
	at org.apache.tomcat.util.threads.ThreadPoolExecutor.runWorker(ThreadPoolExecutor.java:1191)
	at org.apache.tomcat.util.threads.ThreadPoolExecutor$Worker.run(ThreadPoolExecutor.java:659)
	at org.apache.tomcat.util.threads.TaskThread$WrappingRunnable.run(TaskThread.java:61)
	at java.base/java.lang.Thread.run(Thread.java:833)
2023-09-11 03:00:06.917 [https-jsse-nio-192.168.1.2-8088-exec-3] ERROR o.a.c.c.C.[Tomcat].[localhost] - Exception Processing ErrorPage[errorCode=0, location=/error]
org.springframework.web.util.NestedServletException: Request processing failed; nested exception is org.thymeleaf.exceptions.TemplateInputException: Error resolving template [error], template might not exist or might not be accessible by any of the configured Template Resolvers
	at org.springframework.web.servlet.FrameworkServlet.processRequest(FrameworkServlet.java:1014)
	at org.springframework.web.servlet.FrameworkServlet.doPost(FrameworkServlet.java:909)
	at javax.servlet.http.HttpServlet.service(HttpServlet.java:696)
	at org.springframework.web.servlet.FrameworkServlet.service(FrameworkServlet.java:883)
	at javax.servlet.http.HttpServlet.service(HttpServlet.java:779)
	at org.apache.catalina.core.ApplicationFilterChain.internalDoFilter(ApplicationFilterChain.java:227)
	at org.apache.catalina.core.ApplicationFilterChain.doFilter(ApplicationFilterChain.java:162)
	at org.springframework.web.servlet.resource.ResourceUrlEncodingFilter.doFilter(ResourceUrlEncodingFilter.java:67)
	at org.apache.catalina.core.ApplicationFilterChain.internalDoFilter(ApplicationFilterChain.java:189)
	at org.apache.catalina.core.ApplicationFilterChain.doFilter(ApplicationFilterChain.java:162)
	at org.springframework.web.filter.RequestContextFilter.doFilterInternal(RequestContextFilter.java:100)
	at org.springframework.web.filter.OncePerRequestFilter.doFilter(OncePerRequestFilter.java:117)
	at org.apache.catalina.core.ApplicationFilterChain.internalDoFilter(ApplicationFilterChain.java:189)
	at org.apache.catalina.core.ApplicationFilterChain.doFilter(ApplicationFilterChain.java:162)
	at org.springframework.web.filter.OncePerRequestFilter.doFilter(OncePerRequestFilter.java:102)
	at org.apache.catalina.core.ApplicationFilterChain.internalDoFilter(ApplicationFilterChain.java:189)
	at org.apache.catalina.core.ApplicationFilterChain.doFilter(ApplicationFilterChain.java:162)
	at org.springframework.web.filter.OncePerRequestFilter.doFilter(OncePerRequestFilter.java:102)
	at org.apache.catalina.core.ApplicationFilterChain.internalDoFilter(ApplicationFilterChain.java:189)
	at org.apache.catalina.core.ApplicationFilterChain.doFilter(ApplicationFilterChain.java:162)
	at org.apache.catalina.core.ApplicationDispatcher.invoke(ApplicationDispatcher.java:711)
	at org.apache.catalina.core.ApplicationDispatcher.processRequest(ApplicationDispatcher.java:461)
	at org.apache.catalina.core.ApplicationDispatcher.doForward(ApplicationDispatcher.java:385)
	at org.apache.catalina.core.ApplicationDispatcher.forward(ApplicationDispatcher.java:313)
	at org.apache.catalina.core.StandardHostValve.custom(StandardHostValve.java:388)
	at org.apache.catalina.core.StandardHostValve.status(StandardHostValve.java:244)
	at org.apache.catalina.core.StandardHostValve.invoke(StandardHostValve.java:171)
	at org.apache.catalina.valves.ErrorReportValve.invoke(ErrorReportValve.java:92)
	at org.apache.catalina.core.StandardEngineValve.invoke(StandardEngineValve.java:78)
	at org.apache.catalina.connector.CoyoteAdapter.service(CoyoteAdapter.java:360)
	at org.apache.coyote.http11.Http11Processor.service(Http11Processor.java:399)
	at org.apache.coyote.AbstractProcessorLight.process(AbstractProcessorLight.java:65)
	at org.apache.coyote.AbstractProtocol$ConnectionHandler.process(AbstractProtocol.java:891)
	at org.apache.tomcat.util.net.NioEndpoint$SocketProcessor.doRun(NioEndpoint.java:1784)
	at org.apache.tomcat.util.net.SocketProcessorBase.run(SocketProcessorBase.java:49)
	at org.apache.tomcat.util.threads.ThreadPoolExecutor.runWorker(ThreadPoolExecutor.java:1191)
	at org.apache.tomcat.util.threads.ThreadPoolExecutor$Worker.run(ThreadPoolExecutor.java:659)
	at org.apache.tomcat.util.threads.TaskThread$WrappingRunnable.run(TaskThread.java:61)
	at java.base/java.lang.Thread.run(Thread.java:833)
Caused by: org.thymeleaf.exceptions.TemplateInputException: Error resolving template [error], template might not exist or might not be accessible by any of the configured Template Resolvers
	at org.thymeleaf.engine.TemplateManager.resolveTemplate(TemplateManager.java:869)
	at org.thymeleaf.engine.TemplateManager.parseAndProcess(TemplateManager.java:607)
	at org.thymeleaf.TemplateEngine.process(TemplateEngine.java:1098)
	at org.thymeleaf.TemplateEngine.process(TemplateEngine.java:1072)
	at org.thymeleaf.spring5.view.ThymeleafView.renderFragment(ThymeleafView.java:366)
	at org.thymeleaf.spring5.view.ThymeleafView.render(ThymeleafView.java:190)
	at org.springframework.web.servlet.DispatcherServlet.render(DispatcherServlet.java:1405)
	at org.springframework.web.servlet.DispatcherServlet.processDispatchResult(DispatcherServlet.java:1149)
	at org.springframework.web.servlet.DispatcherServlet.doDispatch(DispatcherServlet.java:1088)
	at org.springframework.web.servlet.DispatcherServlet.doService(DispatcherServlet.java:964)
	at org.springframework.web.servlet.FrameworkServlet.processRequest(FrameworkServlet.java:1006)
	... 38 common frames omitted
